Run started on:
	Date: 2020/4/12
	Time: 22:5:30
	PyGBe version: 0.3.2+5.gea0f875.dirty
Config file: /opt/BEM_ElectricField/PyGBe_Electric_Field/Example_PyGBe_Electric_Field/sphere_with_Efield_pygbe/sphere_with_Efield_pygbe.config
Parameter file: /opt/BEM_ElectricField/PyGBe_Electric_Field/Example_PyGBe_Electric_Field/sphere_with_Efield_pygbe/sphere_with_Efield_pygbe.param
Geometry folder: /opt/BEM_ElectricField/PyGBe_Electric_Field/Example_PyGBe_Electric_Field/sphere_with_Efield_pygbe/geometry
Running in: /opt/BEM_ElectricField/PyGBe_Electric_Field/Example_PyGBe_Electric_Field/sphere_with_Efield_pygbe

Reading surface 0 from file mesh/sphere_r4_gmsh0.35
Time load mesh: 0.07297539710998535
Removed areas=0: 0

Total elements : 2348
Total equations: 4696
Electric field: 2.4 e/(Ang^2 eps_0)
----------------------------

1 surfaces:

Surface 0:
	2348 elements
	Surface type         : dielectric_interface
	Cells                : 9
	Twigs                : 8
	Levels               : 2
	C0 size              : 4.0070484699802735
	C0 box center        : -0.004642585775896342, 0.007512153691280108, -0.003487554623850563
	Twig cell size       : 2.0035242349901368
	Rbox/theta           : 4.0070484699802735
	Analytic distance    : 0.8201306785307743
	Elem. per Ang^2      : 11.71071762723143
	Max, min, avg elem.  : 0.16226334735389839, 0.001731959743352102, 0.08539186340507925
	Total area           : 200.50009527512609
------------------------------

2 regions:

Region 0:
	Laplace or Yukawa: 2
	kappa            : 1e-12
	dielectric const : 80.0
	Number of charges: 0
	Parent surface   : []
	Child surfaces   : [0]
Region 1:
	Laplace or Yukawa: 1
	kappa            : 1e-12
	dielectric const : 4.0
	Number of charges: 1
	Parent surface   : [0]
	Child surfaces   : []
------------------------------

Parameters:
	Data type               : <class 'numpy.float64'>
	Use GPU                 : 0
	P                       : 15
	threshold               : 0.50
	theta                   : 0.50
	NCRIT                   : 500
	CUDA block size         : 128
	Gauss points per element: 3
	Gauss points near singlr: 19
	1D Gauss points per side: 9
	GMRES tolerance         : 1e-05
	GMRES max iterations    : 1000
	GMRES restart iteration : 200
----------------------------

Generate interaction list
Transfer data to GPU
Generate RHS
List time          : 0.0018193721771240234s
Data transfer time : 7.867813110351562e-06s
RHS generation time: 0.9245157241821289s
------------------------------
Total setup time   : 1.8658320903778076s
Solve
Iteration: 1, relative residual: 0.13656246277297246
Iteration: 2, relative residual: 0.07557938790922875
Iteration: 3, relative residual: 0.04824272143021983
Iteration: 4, relative residual: 0.0402903713559402
Iteration: 5, relative residual: 0.021253137761472495
Iteration: 6, relative residual: 0.009179310039420034
Iteration: 7, relative residual: 0.004507027198843319
Iteration: 8, relative residual: 0.0029576888942084694
Iteration: 9, relative residual: 0.0014226991428005697
Iteration: 10, relative residual: 0.0006990746346706134
Iteration: 11, relative residual: 0.00042960445473153486
Iteration: 12, relative residual: 0.0002328454557883422
Iteration: 13, relative residual: 0.00011602557595906309
Iteration: 14, relative residual: 6.971065153086734e-05
Iteration: 15, relative residual: 4.296021469568132e-05
Iteration: 16, relative residual: 3.117428449456125e-05
Iteration: 17, relative residual: 1.699940340970391e-05
GMRES solve
Converged after 18 iterations to a residual of 9.825615072384157e-06
Time weight vector: 0.07938403320312501
Time sort         : 0.007732421874999999
Time data transfer: 0.0
Time P2M          : 2.2128508300781258
Time M2M          : 0.32291650390625
Time M2P          : 0.0026183128356933594
Time P2P          : 24.734259366989136
	Time analy: 1.3992204666137695
Solve time        : 26.47164011001587s

Calculate Solvation Energy (E_solv)
Calculating solvation energy for region 1, stored in E_solv[0]
2336.0 of 2348 analytical integrals for phi_reac calculation in region 1
Time E_solv: 0.17061996459960938s
Region 1: E_solv = -14669.654175504806 kcal/mol = -61377.83307031211 kJ/mol

Calculate Surface Energy (E_surf)
Time E_surf: 0.04027986526489258s

Calculate Coulomb Energy (E_coul)
Calculate Coulomb energy for region 1
Region 1: E_coul = 0.0 kcal/mol = 0.0 kJ/mol
Time E_coul: 0.0010542869567871094s

------------------------------
Totals:
E_solv = -14669.654175504806 kcal/mol
E_surf = 0 kcal/mol
E_coul = 0.0 kcal/mol

Time = 28.588773488998413 s
