Run started on:
	Date: 2020/4/12
	Time: 21:11:30
	PyGBe version: 0.3.2+5.gea0f875.dirty
Config file: /opt/BEM_ElectricField/PyGBe_Electric_Field/Example_PyGBe_Electric_Field/sphere_with_Efield_pygbe/sphere_with_Efield_pygbe.config
Parameter file: /opt/BEM_ElectricField/PyGBe_Electric_Field/Example_PyGBe_Electric_Field/sphere_with_Efield_pygbe/sphere_with_Efield_pygbe.param
Geometry folder: /opt/BEM_ElectricField/PyGBe_Electric_Field/Example_PyGBe_Electric_Field/sphere_with_Efield_pygbe/geometry
Running in: /opt/BEM_ElectricField/PyGBe_Electric_Field/Example_PyGBe_Electric_Field/sphere_with_Efield_pygbe

Reading surface 0 from file mesh/sphere_r4_gmsh0.35
Time load mesh: 0.10210895538330078
Removed areas=0: 0

Total elements : 2348
Total equations: 4696
Electric field: 0.8 e/(Ang^2 eps_0)
----------------------------

1 surfaces:

Surface 0:
	2348 elements
	Surface type         : dielectric_interface
	Cells                : 9
	Twigs                : 8
	Levels               : 2
	C0 size              : 4.0070484699802735
	C0 box center        : -0.004642585775896342, 0.007512153691280108, -0.003487554623850563
	Twig cell size       : 2.0035242349901368
	Rbox/theta           : 4.0070484699802735
	Analytic distance    : 0.8201306785307743
	Elem. per Ang^2      : 11.71071762723143
	Max, min, avg elem.  : 0.16226334735389839, 0.001731959743352102, 0.08539186340507925
	Total area           : 200.50009527512609
------------------------------

2 regions:

Region 0:
	Laplace or Yukawa: 2
	kappa            : 1e-12
	dielectric const : 80.0
	Number of charges: 0
	Parent surface   : []
	Child surfaces   : [0]
Region 1:
	Laplace or Yukawa: 1
	kappa            : 1e-12
	dielectric const : 4.0
	Number of charges: 1
	Parent surface   : [0]
	Child surfaces   : []
------------------------------

Parameters:
	Data type               : <class 'numpy.float64'>
	Use GPU                 : 0
	P                       : 15
	threshold               : 0.50
	theta                   : 0.50
	NCRIT                   : 500
	CUDA block size         : 128
	Gauss points per element: 3
	Gauss points near singlr: 19
	1D Gauss points per side: 9
	GMRES tolerance         : 1e-05
	GMRES max iterations    : 1000
	GMRES restart iteration : 200
----------------------------

Generate interaction list
Transfer data to GPU
Generate RHS
List time          : 0.0014200210571289062s
Data transfer time : 9.5367431640625e-07s
RHS generation time: 0.8438806533813477s
------------------------------
Total setup time   : 2.02380633354187s
Solve
Iteration: 1, relative residual: 0.13658099150563527
Iteration: 2, relative residual: 0.10022963117567571
Iteration: 3, relative residual: 0.06223609909483176
Iteration: 4, relative residual: 0.04014497317163106
Iteration: 5, relative residual: 0.021317763981552485
Iteration: 6, relative residual: 0.009188369840365834
Iteration: 7, relative residual: 0.004503759221971484
Iteration: 8, relative residual: 0.0029544027779495113
Iteration: 9, relative residual: 0.0014218698445435589
Iteration: 10, relative residual: 0.0006984463103953387
Iteration: 11, relative residual: 0.00042909310791161055
Iteration: 12, relative residual: 0.00023277362224728574
Iteration: 13, relative residual: 0.00011577806456901829
Iteration: 14, relative residual: 6.968226913885729e-05
Iteration: 15, relative residual: 4.303196235214923e-05
Iteration: 16, relative residual: 3.1257792971908794e-05
Iteration: 17, relative residual: 1.6991523127041455e-05
GMRES solve
Converged after 18 iterations to a residual of 9.816028545526573e-06
Time weight vector: 0.072525634765625
Time sort         : 0.006411376953125001
Time data transfer: 0.0
Time P2M          : 2.0605131835937502
Time M2M          : 0.29201391601562504
Time M2P          : 0.0022377967834472656
Time P2P          : 23.42412042617798
	Time analy: 1.299304723739624
Solve time        : 25.168553352355957s

Calculate Solvation Energy (E_solv)
Calculating solvation energy for region 1, stored in E_solv[0]
2336.0 of 2348 analytical integrals for phi_reac calculation in region 1
Time E_solv: 0.15390467643737793s
Region 1: E_solv = -4898.6170360982105 kcal/mol = -20495.813679034913 kJ/mol

Calculate Surface Energy (E_surf)
Time E_surf: 0.03713822364807129s

Calculate Coulomb Energy (E_coul)
Calculate Coulomb energy for region 1
Region 1: E_coul = 0.0 kcal/mol = 0.0 kJ/mol
Time E_coul: 0.002701997756958008s

------------------------------
Totals:
E_solv = -4898.6170360982105 kcal/mol
E_surf = 0 kcal/mol
E_coul = 0.0 kcal/mol

Time = 27.41804003715515 s
