Run started on:
	Date: 2020/4/12
	Time: 22:47:34
	PyGBe version: 0.3.2+5.gea0f875.dirty
Config file: /opt/BEM_ElectricField/PyGBe_Electric_Field/Example_PyGBe_Electric_Field/sphere_with_Efield_pygbe/sphere_with_Efield_pygbe.config
Parameter file: /opt/BEM_ElectricField/PyGBe_Electric_Field/Example_PyGBe_Electric_Field/sphere_with_Efield_pygbe/sphere_with_Efield_pygbe.param
Geometry folder: /opt/BEM_ElectricField/PyGBe_Electric_Field/Example_PyGBe_Electric_Field/sphere_with_Efield_pygbe/geometry
Running in: /opt/BEM_ElectricField/PyGBe_Electric_Field/Example_PyGBe_Electric_Field/sphere_with_Efield_pygbe

Reading surface 0 from file mesh/sphere_r4_gmsh0.175
Time load mesh: 0.26821184158325195
Removed areas=0: 0

Total elements : 9414
Total equations: 18828
Electric field: 0.0 e/(Ang^2 eps_0)
----------------------------

1 surfaces:

Surface 0:
	9414 elements
	Surface type         : dielectric_interface
	Cells                : 65
	Twigs                : 56
	Levels               : 3
	C0 size              : 4.014887051094867
	C0 box center        : -0.002179403272303374, 0.002225070834312166, 0.015218893172043986
	Twig cell size       : 1.0037217627737167
	Rbox/theta           : 2.0074435255474334
	Analytic distance    : 0.4101971021179764
	Elem. per Ang^2      : 46.85429000226612
	Max, min, avg elem.  : 0.04315919623096423, 0.0002129516375504084, 0.021342762849498622
	Total area           : 200.92076946518003
------------------------------

2 regions:

Region 0:
	Laplace or Yukawa: 2
	kappa            : 1e-12
	dielectric const : 80.0
	Number of charges: 0
	Parent surface   : []
	Child surfaces   : [0]
Region 1:
	Laplace or Yukawa: 1
	kappa            : 1e-12
	dielectric const : 4.0
	Number of charges: 1
	Parent surface   : [0]
	Child surfaces   : []
------------------------------

Parameters:
	Data type               : <class 'numpy.float64'>
	Use GPU                 : 0
	P                       : 15
	threshold               : 0.50
	theta                   : 0.50
	NCRIT                   : 500
	CUDA block size         : 128
	Gauss points per element: 3
	Gauss points near singlr: 19
	1D Gauss points per side: 9
	GMRES tolerance         : 1e-05
	GMRES max iterations    : 1000
	GMRES restart iteration : 200
----------------------------

Generate interaction list
Transfer data to GPU
Generate RHS
List time          : 0.03875923156738281s
Data transfer time : 1.430511474609375e-06s
RHS generation time: 0.0007569789886474609s
------------------------------
Total setup time   : 2.6659626960754395s
Solve
Iteration: 1, relative residual: 0.20844993561283934
Iteration: 2, relative residual: 0.042720179393961076
Iteration: 3, relative residual: 0.00930942875010466
Iteration: 4, relative residual: 0.004158126995542297
Iteration: 5, relative residual: 0.0034474050671093413
Iteration: 6, relative residual: 0.002712615057837327
Iteration: 7, relative residual: 0.0010584800283311214
Iteration: 8, relative residual: 0.0006990362532752454
Iteration: 9, relative residual: 0.0005425118567608469
Iteration: 10, relative residual: 0.0003624003988007243
Iteration: 11, relative residual: 0.0003228123111637627
Iteration: 12, relative residual: 0.00021099204153844373
Iteration: 13, relative residual: 0.00012972810273361192
Iteration: 14, relative residual: 9.311151815231454e-05
Iteration: 15, relative residual: 7.317470414754308e-05
Iteration: 16, relative residual: 5.303493338393702e-05
Iteration: 17, relative residual: 3.407164846310188e-05
Iteration: 18, relative residual: 2.3506784843337593e-05
Iteration: 19, relative residual: 1.7300689874479883e-05
Iteration: 20, relative residual: 1.3678970076270437e-05
GMRES solve
Converged after 21 iterations to a residual of 8.931187165858126e-06
Time weight vector: 0.292751220703125
Time sort         : 0.029486328124999996
Time data transfer: 0.0
Time P2M          : 9.832460693359375
Time M2M          : 2.8257573242187504
Time M2P          : 109.28700590133667
Time P2P          : 101.83530640602112
	Time analy: 6.168760061264038
Solve time        : 224.18105006217957s

Calculate Solvation Energy (E_solv)
Calculating solvation energy for region 1, stored in E_solv[0]
3849.0 of 9414 analytical integrals for phi_reac calculation in region 1
Time E_solv: 0.494281530380249s
Region 1: E_solv = -13.067419327051015 kcal/mol = -54.67408246438145 kJ/mol

Calculate Surface Energy (E_surf)
Time E_surf: 0.040979862213134766s

Calculate Coulomb Energy (E_coul)
Calculate Coulomb energy for region 1
Region 1: E_coul = 0.0 kcal/mol = 0.0 kJ/mol
Time E_coul: 0.0010929107666015625s

------------------------------
Totals:
E_solv = -13.067419327051015 kcal/mol
E_surf = 0 kcal/mol
E_coul = 0.0 kcal/mol

Time = 227.49343347549438 s
