Run started on:
	Date: 2020/4/12
	Time: 22:27:56
	PyGBe version: 0.3.2+5.gea0f875.dirty
Config file: /opt/BEM_ElectricField/PyGBe_Electric_Field/Example_PyGBe_Electric_Field/sphere_with_Efield_pygbe/sphere_with_Efield_pygbe.config
Parameter file: /opt/BEM_ElectricField/PyGBe_Electric_Field/Example_PyGBe_Electric_Field/sphere_with_Efield_pygbe/sphere_with_Efield_pygbe.param
Geometry folder: /opt/BEM_ElectricField/PyGBe_Electric_Field/Example_PyGBe_Electric_Field/sphere_with_Efield_pygbe/geometry
Running in: /opt/BEM_ElectricField/PyGBe_Electric_Field/Example_PyGBe_Electric_Field/sphere_with_Efield_pygbe

Reading surface 0 from file mesh/sphere_r4_gmsh0.35
Time load mesh: 0.07863974571228027
Removed areas=0: 0

Total elements : 2348
Total equations: 4696
Electric field: 0.0 e/(Ang^2 eps_0)
----------------------------

1 surfaces:

Surface 0:
	2348 elements
	Surface type         : dielectric_interface
	Cells                : 9
	Twigs                : 8
	Levels               : 2
	C0 size              : 4.0070484699802735
	C0 box center        : -0.004642585775896342, 0.007512153691280108, -0.003487554623850563
	Twig cell size       : 2.0035242349901368
	Rbox/theta           : 4.0070484699802735
	Analytic distance    : 0.8201306785307743
	Elem. per Ang^2      : 11.71071762723143
	Max, min, avg elem.  : 0.16226334735389839, 0.001731959743352102, 0.08539186340507925
	Total area           : 200.50009527512609
------------------------------

2 regions:

Region 0:
	Laplace or Yukawa: 2
	kappa            : 1e-12
	dielectric const : 80.0
	Number of charges: 0
	Parent surface   : []
	Child surfaces   : [0]
Region 1:
	Laplace or Yukawa: 1
	kappa            : 1e-12
	dielectric const : 4.0
	Number of charges: 1
	Parent surface   : [0]
	Child surfaces   : []
------------------------------

Parameters:
	Data type               : <class 'numpy.float64'>
	Use GPU                 : 0
	P                       : 15
	threshold               : 0.50
	theta                   : 0.50
	NCRIT                   : 500
	CUDA block size         : 128
	Gauss points per element: 3
	Gauss points near singlr: 19
	1D Gauss points per side: 9
	GMRES tolerance         : 1e-05
	GMRES max iterations    : 1000
	GMRES restart iteration : 200
----------------------------

Generate interaction list
Transfer data to GPU
Generate RHS
List time          : 0.0015757083892822266s
Data transfer time : 1.1682510375976562e-05s
RHS generation time: 0.00027561187744140625s
------------------------------
Total setup time   : 0.9466519355773926s
Solve
Iteration: 1, relative residual: 0.22552457849802263
Iteration: 2, relative residual: 0.041306079562898446
Iteration: 3, relative residual: 0.016402610479438053
Iteration: 4, relative residual: 0.014158062216516786
Iteration: 5, relative residual: 0.008580069155907087
Iteration: 6, relative residual: 0.0024922813660713658
Iteration: 7, relative residual: 0.000914093222275451
Iteration: 8, relative residual: 0.0006886599406028722
Iteration: 9, relative residual: 0.0004387742641817309
Iteration: 10, relative residual: 0.00030873539264092035
Iteration: 11, relative residual: 0.00021515421974439464
Iteration: 12, relative residual: 0.0001544013919279955
Iteration: 13, relative residual: 0.00010197900775899216
Iteration: 14, relative residual: 5.0435939837804106e-05
Iteration: 15, relative residual: 3.183415973440348e-05
Iteration: 16, relative residual: 1.6644774535250015e-05
GMRES solve
Converged after 17 iterations to a residual of 8.687228719382895e-06
Time weight vector: 0.07129150390625
Time sort         : 0.007169921875000003
Time data transfer: 0.0
Time P2M          : 2.0579030761718755
Time M2M          : 0.2976569824218751
Time M2P          : 0.0021195411682128906
Time P2P          : 23.377314805984497
	Time analy: 1.2795860767364502
Solve time        : 25.852461338043213s

Calculate Solvation Energy (E_solv)
Calculating solvation energy for region 1, stored in E_solv[0]
2336.0 of 2348 analytical integrals for phi_reac calculation in region 1
Time E_solv: 0.1581718921661377s
Region 1: E_solv = -13.098452743359415 kcal/mol = -54.80392627821579 kJ/mol

Calculate Surface Energy (E_surf)
Time E_surf: 0.04373359680175781s

Calculate Coulomb Energy (E_coul)
Calculate Coulomb energy for region 1
Region 1: E_coul = 0.0 kcal/mol = 0.0 kJ/mol
Time E_coul: 0.0011897087097167969s

------------------------------
Totals:
E_solv = -13.098452743359415 kcal/mol
E_surf = 0 kcal/mol
E_coul = 0.0 kcal/mol

Time = 27.03830099105835 s
