Run started on:
	Date: 2020/4/12
	Time: 22:8:17
	PyGBe version: 0.3.2+5.gea0f875.dirty
Config file: /opt/BEM_ElectricField/PyGBe_Electric_Field/Example_PyGBe_Electric_Field/sphere_with_Efield_pygbe/sphere_with_Efield_pygbe.config
Parameter file: /opt/BEM_ElectricField/PyGBe_Electric_Field/Example_PyGBe_Electric_Field/sphere_with_Efield_pygbe/sphere_with_Efield_pygbe.param
Geometry folder: /opt/BEM_ElectricField/PyGBe_Electric_Field/Example_PyGBe_Electric_Field/sphere_with_Efield_pygbe/geometry
Running in: /opt/BEM_ElectricField/PyGBe_Electric_Field/Example_PyGBe_Electric_Field/sphere_with_Efield_pygbe

Reading surface 0 from file mesh/sphere_r4_gmsh0.25
Time load mesh: 0.14302730560302734
Removed areas=0: 0

Total elements : 4744
Total equations: 9488
Electric field: 2.4 e/(Ang^2 eps_0)
----------------------------

1 surfaces:

Surface 0:
	4744 elements
	Surface type         : dielectric_interface
	Cells                : 65
	Twigs                : 56
	Levels               : 3
	C0 size              : 4.021957792364197
	C0 box center        : 0.009427813921241543, -0.022965413328359014, -0.0041142131910226675
	Twig cell size       : 1.0054894480910492
	Rbox/theta           : 2.0109788961820985
	Analytic distance    : 0.5776664227621487
	Elem. per Ang^2      : 23.62753969195032
	Max, min, avg elem.  : 0.08211787358004373, 0.001489529147416376, 0.04232349254462116
	Total area           : 200.78264863168278
------------------------------

2 regions:

Region 0:
	Laplace or Yukawa: 2
	kappa            : 1e-12
	dielectric const : 80.0
	Number of charges: 0
	Parent surface   : []
	Child surfaces   : [0]
Region 1:
	Laplace or Yukawa: 1
	kappa            : 1e-12
	dielectric const : 4.0
	Number of charges: 1
	Parent surface   : [0]
	Child surfaces   : []
------------------------------

Parameters:
	Data type               : <class 'numpy.float64'>
	Use GPU                 : 0
	P                       : 15
	threshold               : 0.50
	theta                   : 0.50
	NCRIT                   : 500
	CUDA block size         : 128
	Gauss points per element: 3
	Gauss points near singlr: 19
	1D Gauss points per side: 9
	GMRES tolerance         : 1e-05
	GMRES max iterations    : 1000
	GMRES restart iteration : 200
----------------------------

Generate interaction list
Transfer data to GPU
Generate RHS
List time          : 0.041120290756225586s
Data transfer time : 1.6689300537109375e-06s
RHS generation time: 2.403566598892212s
------------------------------
Total setup time   : 4.010428428649902s
Solve
Iteration: 1, relative residual: 0.10205535700310156
Iteration: 2, relative residual: 0.07414509943226656
Iteration: 3, relative residual: 0.04596847001253977
Iteration: 4, relative residual: 0.02459754823959474
Iteration: 5, relative residual: 0.01247402060683114
Iteration: 6, relative residual: 0.006466322019951589
Iteration: 7, relative residual: 0.0039152967388228705
Iteration: 8, relative residual: 0.0028123874278340516
Iteration: 9, relative residual: 0.0018836735012453451
Iteration: 10, relative residual: 0.0009631972830938678
Iteration: 11, relative residual: 0.0005465608284156139
Iteration: 12, relative residual: 0.000323139754983514
Iteration: 13, relative residual: 0.00018217109183755505
Iteration: 14, relative residual: 0.0001061394534865714
Iteration: 15, relative residual: 7.162054144187518e-05
Iteration: 16, relative residual: 4.792027220080528e-05
Iteration: 17, relative residual: 3.307202819349566e-05
Iteration: 18, relative residual: 1.9743443196526056e-05
Iteration: 19, relative residual: 1.320715517590423e-05
Iteration: 20, relative residual: 1.019260643140617e-05
GMRES solve
Converged after 21 iterations to a residual of 7.167712017222523e-06
Time weight vector: 0.16268627929687507
Time sort         : 0.016289550781250006
Time data transfer: 0.0
Time P2M          : 5.181055419921875
Time M2M          : 2.9000900878906264
Time M2P          : 57.198699712753296
Time P2P          : 28.566328763961792
	Time analy: 3.207618236541748
Solve time        : 91.69071459770203s

Calculate Solvation Energy (E_solv)
Calculating solvation energy for region 1, stored in E_solv[0]
4080.0 of 4744 analytical integrals for phi_reac calculation in region 1
Time E_solv: 0.2702350616455078s
Region 1: E_solv = -14669.329722122044 kcal/mol = -61376.47555735863 kJ/mol

Calculate Surface Energy (E_surf)
Time E_surf: 0.04193615913391113s

Calculate Coulomb Energy (E_coul)
Calculate Coulomb energy for region 1
Region 1: E_coul = 0.0 kcal/mol = 0.0 kJ/mol
Time E_coul: 0.00131988525390625s

------------------------------
Totals:
E_solv = -14669.329722122044 kcal/mol
E_surf = 0 kcal/mol
E_coul = 0.0 kcal/mol

Time = 96.07486391067505 s
