Run started on:
	Date: 2020/4/12
	Time: 21:27:49
	PyGBe version: 0.3.2+5.gea0f875.dirty
Config file: /opt/BEM_ElectricField/PyGBe_Electric_Field/Example_PyGBe_Electric_Field/sphere_with_Efield_pygbe/sphere_with_Efield_pygbe.config
Parameter file: /opt/BEM_ElectricField/PyGBe_Electric_Field/Example_PyGBe_Electric_Field/sphere_with_Efield_pygbe/sphere_with_Efield_pygbe.param
Geometry folder: /opt/BEM_ElectricField/PyGBe_Electric_Field/Example_PyGBe_Electric_Field/sphere_with_Efield_pygbe/geometry
Running in: /opt/BEM_ElectricField/PyGBe_Electric_Field/Example_PyGBe_Electric_Field/sphere_with_Efield_pygbe

Reading surface 0 from file mesh/sphere_r4_gmsh0.175
Time load mesh: 0.2574782371520996
Removed areas=0: 0

Total elements : 9414
Total equations: 18828
Electric field: 1.6 e/(Ang^2 eps_0)
----------------------------

1 surfaces:

Surface 0:
	9414 elements
	Surface type         : dielectric_interface
	Cells                : 65
	Twigs                : 56
	Levels               : 3
	C0 size              : 4.014887051094867
	C0 box center        : -0.002179403272303374, 0.002225070834312166, 0.015218893172043986
	Twig cell size       : 1.0037217627737167
	Rbox/theta           : 2.0074435255474334
	Analytic distance    : 0.4101971021179764
	Elem. per Ang^2      : 46.85429000226612
	Max, min, avg elem.  : 0.04315919623096423, 0.0002129516375504084, 0.021342762849498622
	Total area           : 200.92076946518003
------------------------------

2 regions:

Region 0:
	Laplace or Yukawa: 2
	kappa            : 1e-12
	dielectric const : 80.0
	Number of charges: 0
	Parent surface   : []
	Child surfaces   : [0]
Region 1:
	Laplace or Yukawa: 1
	kappa            : 1e-12
	dielectric const : 4.0
	Number of charges: 1
	Parent surface   : [0]
	Child surfaces   : []
------------------------------

Parameters:
	Data type               : <class 'numpy.float64'>
	Use GPU                 : 0
	P                       : 15
	threshold               : 0.50
	theta                   : 0.50
	NCRIT                   : 500
	CUDA block size         : 128
	Gauss points per element: 3
	Gauss points near singlr: 19
	1D Gauss points per side: 9
	GMRES tolerance         : 1e-05
	GMRES max iterations    : 1000
	GMRES restart iteration : 200
----------------------------

Generate interaction list
Transfer data to GPU
Generate RHS
List time          : 0.03719663619995117s
Data transfer time : 1.430511474609375e-06s
RHS generation time: 5.722047567367554s
------------------------------
Total setup time   : 8.116065979003906s
Solve
Iteration: 1, relative residual: 0.07424193514986951
Iteration: 2, relative residual: 0.07252083442661307
Iteration: 3, relative residual: 0.04682757360985855
Iteration: 4, relative residual: 0.030714072669227918
Iteration: 5, relative residual: 0.022432986065506384
Iteration: 6, relative residual: 0.01391719893895453
Iteration: 7, relative residual: 0.0071684562593228056
Iteration: 8, relative residual: 0.004620810406609683
Iteration: 9, relative residual: 0.0031330018769268374
Iteration: 10, relative residual: 0.002234141730716672
Iteration: 11, relative residual: 0.001345467924140906
Iteration: 12, relative residual: 0.0008680211339759125
Iteration: 13, relative residual: 0.00045207734190991905
Iteration: 14, relative residual: 0.0002458746231929191
Iteration: 15, relative residual: 0.00014505626056765525
Iteration: 16, relative residual: 8.723889964137571e-05
Iteration: 17, relative residual: 6.0749979563698375e-05
Iteration: 18, relative residual: 3.443517818164671e-05
Iteration: 19, relative residual: 2.1962296388281957e-05
Iteration: 20, relative residual: 1.642934564972927e-05
Iteration: 21, relative residual: 1.2724768148806799e-05
GMRES solve
Converged after 22 iterations to a residual of 9.492542359381696e-06
Time weight vector: 0.31476220703125
Time sort         : 0.029965576171875
Time data transfer: 0.0
Time P2M          : 10.251329833984375
Time M2M          : 2.990464355468749
Time M2P          : 115.98699808120728
Time P2P          : 109.29615521430969
	Time analy: 6.665441513061523
Solve time        : 233.2194538116455s

Calculate Solvation Energy (E_solv)
Calculating solvation energy for region 1, stored in E_solv[0]
3849.0 of 9414 analytical integrals for phi_reac calculation in region 1
Time E_solv: 0.4537515640258789s
Region 1: E_solv = -9783.773522431853 kcal/mol = -40935.308417854874 kJ/mol

Calculate Surface Energy (E_surf)
Time E_surf: 0.03893756866455078s

Calculate Coulomb Energy (E_coul)
Calculate Coulomb energy for region 1
Region 1: E_coul = 0.0 kcal/mol = 0.0 kJ/mol
Time E_coul: 0.0013692378997802734s

------------------------------
Totals:
E_solv = -9783.773522431853 kcal/mol
E_surf = 0 kcal/mol
E_coul = 0.0 kcal/mol

Time = 241.92587447166443 s
