Run started on:
	Date: 2020/4/12
	Time: 21:22:21
	PyGBe version: 0.3.2+5.gea0f875.dirty
Config file: /opt/BEM_ElectricField/PyGBe_Electric_Field/Example_PyGBe_Electric_Field/sphere_with_Efield_pygbe/sphere_with_Efield_pygbe.config
Parameter file: /opt/BEM_ElectricField/PyGBe_Electric_Field/Example_PyGBe_Electric_Field/sphere_with_Efield_pygbe/sphere_with_Efield_pygbe.param
Geometry folder: /opt/BEM_ElectricField/PyGBe_Electric_Field/Example_PyGBe_Electric_Field/sphere_with_Efield_pygbe/geometry
Running in: /opt/BEM_ElectricField/PyGBe_Electric_Field/Example_PyGBe_Electric_Field/sphere_with_Efield_pygbe

Reading surface 0 from file mesh/sphere_r4_gmsh0.175
Time load mesh: 0.29236888885498047
Removed areas=0: 0

Total elements : 9414
Total equations: 18828
Electric field: 0.8 e/(Ang^2 eps_0)
----------------------------

1 surfaces:

Surface 0:
	9414 elements
	Surface type         : dielectric_interface
	Cells                : 65
	Twigs                : 56
	Levels               : 3
	C0 size              : 4.014887051094867
	C0 box center        : -0.002179403272303374, 0.002225070834312166, 0.015218893172043986
	Twig cell size       : 1.0037217627737167
	Rbox/theta           : 2.0074435255474334
	Analytic distance    : 0.4101971021179764
	Elem. per Ang^2      : 46.85429000226612
	Max, min, avg elem.  : 0.04315919623096423, 0.0002129516375504084, 0.021342762849498622
	Total area           : 200.92076946518003
------------------------------

2 regions:

Region 0:
	Laplace or Yukawa: 2
	kappa            : 1e-12
	dielectric const : 80.0
	Number of charges: 0
	Parent surface   : []
	Child surfaces   : [0]
Region 1:
	Laplace or Yukawa: 1
	kappa            : 1e-12
	dielectric const : 4.0
	Number of charges: 1
	Parent surface   : [0]
	Child surfaces   : []
------------------------------

Parameters:
	Data type               : <class 'numpy.float64'>
	Use GPU                 : 0
	P                       : 15
	threshold               : 0.50
	theta                   : 0.50
	NCRIT                   : 500
	CUDA block size         : 128
	Gauss points per element: 3
	Gauss points near singlr: 19
	1D Gauss points per side: 9
	GMRES tolerance         : 1e-05
	GMRES max iterations    : 1000
	GMRES restart iteration : 200
----------------------------

Generate interaction list
Transfer data to GPU
Generate RHS
List time          : 0.035753488540649414s
Data transfer time : 1.6689300537109375e-06s
RHS generation time: 5.735586881637573s
------------------------------
Total setup time   : 8.168681144714355s
Solve
Iteration: 1, relative residual: 0.07458056535816254
Iteration: 2, relative residual: 0.07254054556334372
Iteration: 3, relative residual: 0.04682330768973185
Iteration: 4, relative residual: 0.030719763887149452
Iteration: 5, relative residual: 0.022393573603499778
Iteration: 6, relative residual: 0.013951747932324942
Iteration: 7, relative residual: 0.007159822764513641
Iteration: 8, relative residual: 0.004624257882723879
Iteration: 9, relative residual: 0.0031334494203577737
Iteration: 10, relative residual: 0.002233409209759639
Iteration: 11, relative residual: 0.0013471917779455406
Iteration: 12, relative residual: 0.0008694414549085438
Iteration: 13, relative residual: 0.00045193715753488007
Iteration: 14, relative residual: 0.00024607727881015973
Iteration: 15, relative residual: 0.00014513737086986644
Iteration: 16, relative residual: 8.758166497528691e-05
Iteration: 17, relative residual: 6.0771369615621656e-05
Iteration: 18, relative residual: 3.441743616486564e-05
Iteration: 19, relative residual: 2.194271914318699e-05
Iteration: 20, relative residual: 1.6425851340211394e-05
Iteration: 21, relative residual: 1.2714023854107724e-05
GMRES solve
Converged after 22 iterations to a residual of 9.492489968397088e-06
Time weight vector: 0.29703491210937494
Time sort         : 0.028521728515624997
Time data transfer: 0.0
Time P2M          : 9.76760498046875
Time M2M          : 2.719705810546875
Time M2P          : 109.06682991981506
Time P2P          : 101.7746045589447
	Time analy: 6.162246227264404
Solve time        : 217.99198412895203s

Calculate Solvation Energy (E_solv)
Calculating solvation energy for region 1, stored in E_solv[0]
3849.0 of 9414 analytical integrals for phi_reac calculation in region 1
Time E_solv: 0.4481470584869385s
Region 1: E_solv = -4898.4204265622075 kcal/mol = -20494.991064736278 kJ/mol

Calculate Surface Energy (E_surf)
Time E_surf: 0.04106402397155762s

Calculate Coulomb Energy (E_coul)
Calculate Coulomb energy for region 1
Region 1: E_coul = 0.0 kcal/mol = 0.0 kJ/mol
Time E_coul: 0.0014884471893310547s

------------------------------
Totals:
E_solv = -4898.4204265622075 kcal/mol
E_surf = 0 kcal/mol
E_coul = 0.0 kcal/mol

Time = 226.74544715881348 s
