Run started on:
	Date: 2020/4/12
	Time: 21:35:49
	PyGBe version: 0.3.2+5.gea0f875.dirty
Config file: /opt/BEM_ElectricField/PyGBe_Electric_Field/Example_PyGBe_Electric_Field/sphere_with_Efield_pygbe/sphere_with_Efield_pygbe.config
Parameter file: /opt/BEM_ElectricField/PyGBe_Electric_Field/Example_PyGBe_Electric_Field/sphere_with_Efield_pygbe/sphere_with_Efield_pygbe.param
Geometry folder: /opt/BEM_ElectricField/PyGBe_Electric_Field/Example_PyGBe_Electric_Field/sphere_with_Efield_pygbe/geometry
Running in: /opt/BEM_ElectricField/PyGBe_Electric_Field/Example_PyGBe_Electric_Field/sphere_with_Efield_pygbe

Reading surface 0 from file mesh/sphere_r4_gmsh0.175
Time load mesh: 0.25800061225891113
Removed areas=0: 0

Total elements : 9414
Total equations: 18828
Electric field: 2.4 e/(Ang^2 eps_0)
----------------------------

1 surfaces:

Surface 0:
	9414 elements
	Surface type         : dielectric_interface
	Cells                : 65
	Twigs                : 56
	Levels               : 3
	C0 size              : 4.014887051094867
	C0 box center        : -0.002179403272303374, 0.002225070834312166, 0.015218893172043986
	Twig cell size       : 1.0037217627737167
	Rbox/theta           : 2.0074435255474334
	Analytic distance    : 0.4101971021179764
	Elem. per Ang^2      : 46.85429000226612
	Max, min, avg elem.  : 0.04315919623096423, 0.0002129516375504084, 0.021342762849498622
	Total area           : 200.92076946518003
------------------------------

2 regions:

Region 0:
	Laplace or Yukawa: 2
	kappa            : 1e-12
	dielectric const : 80.0
	Number of charges: 0
	Parent surface   : []
	Child surfaces   : [0]
Region 1:
	Laplace or Yukawa: 1
	kappa            : 1e-12
	dielectric const : 4.0
	Number of charges: 1
	Parent surface   : [0]
	Child surfaces   : []
------------------------------

Parameters:
	Data type               : <class 'numpy.float64'>
	Use GPU                 : 0
	P                       : 15
	threshold               : 0.50
	theta                   : 0.50
	NCRIT                   : 500
	CUDA block size         : 128
	Gauss points per element: 3
	Gauss points near singlr: 19
	1D Gauss points per side: 9
	GMRES tolerance         : 1e-05
	GMRES max iterations    : 1000
	GMRES restart iteration : 200
----------------------------

Generate interaction list
Transfer data to GPU
Generate RHS
List time          : 0.03636026382446289s
Data transfer time : 1.430511474609375e-06s
RHS generation time: 5.85840106010437s
------------------------------
Total setup time   : 8.28231692314148s
Solve
Iteration: 1, relative residual: 0.0741475907225925
Iteration: 2, relative residual: 0.07250540311248548
Iteration: 3, relative residual: 0.046829588853901226
Iteration: 4, relative residual: 0.030712314540101995
Iteration: 5, relative residual: 0.02244625320835283
Iteration: 6, relative residual: 0.013905934534626147
Iteration: 7, relative residual: 0.007171329480461462
Iteration: 8, relative residual: 0.004619627956933379
Iteration: 9, relative residual: 0.0031328564820319493
Iteration: 10, relative residual: 0.002234390834592786
Iteration: 11, relative residual: 0.001344872706865896
Iteration: 12, relative residual: 0.0008675446546384188
Iteration: 13, relative residual: 0.00045212362345372926
Iteration: 14, relative residual: 0.0002458063930959564
Iteration: 15, relative residual: 0.00014502905338383617
Iteration: 16, relative residual: 8.712262305720211e-05
Iteration: 17, relative residual: 6.074222022101947e-05
Iteration: 18, relative residual: 3.444112515412196e-05
Iteration: 19, relative residual: 2.1968804247918564e-05
Iteration: 20, relative residual: 1.6430233706504473e-05
Iteration: 21, relative residual: 1.2728228579493025e-05
GMRES solve
Converged after 22 iterations to a residual of 9.49256396173949e-06
Time weight vector: 0.34495898437499994
Time sort         : 0.033145751953125
Time data transfer: 0.0
Time P2M          : 10.76571923828125
Time M2M          : 3.1574689941406255
Time M2P          : 120.36719393730164
Time P2P          : 113.38038778305054
	Time analy: 6.808038711547852
Solve time        : 242.27282691001892s

Calculate Solvation Energy (E_solv)
Calculating solvation energy for region 1, stored in E_solv[0]
3849.0 of 9414 analytical integrals for phi_reac calculation in region 1
Time E_solv: 0.5003023147583008s
Region 1: E_solv = -14669.126617882075 kcal/mol = -61375.625769218605 kJ/mol

Calculate Surface Energy (E_surf)
Time E_surf: 0.040869712829589844s

Calculate Coulomb Energy (E_coul)
Calculate Coulomb energy for region 1
Region 1: E_coul = 0.0 kcal/mol = 0.0 kJ/mol
Time E_coul: 0.0013015270233154297s

------------------------------
Totals:
E_solv = -14669.126617882075 kcal/mol
E_surf = 0 kcal/mol
E_coul = 0.0 kcal/mol

Time = 251.19850945472717 s
