Run started on:
	Date: 2020/4/12
	Time: 17:23:10
	PyGBe version: 0.3.2+5.gea0f875.dirty
Config file: /opt/BEM_ElectricField/PyGBe_Electric_Field/Example_PyGBe_Electric_Field/sphere_with_Efield_pygbe/sphere_with_Efield_pygbe.config
Parameter file: /opt/BEM_ElectricField/PyGBe_Electric_Field/Example_PyGBe_Electric_Field/sphere_with_Efield_pygbe/sphere_with_Efield_pygbe.param
Geometry folder: /opt/BEM_ElectricField/PyGBe_Electric_Field/Example_PyGBe_Electric_Field/sphere_with_Efield_pygbe/geometry
Running in: /opt/BEM_ElectricField/PyGBe_Electric_Field/Example_PyGBe_Electric_Field/sphere_with_Efield_pygbe

Reading surface 0 from file mesh/sphere_r4_gmsh0.175
Time load mesh: 0.30689120292663574
Removed areas=0: 0

Total elements : 9414
Total equations: 18828
Electric field: 0.0 e/(Ang^2 eps_0)
----------------------------

1 surfaces:

Surface 0:
	9414 elements
	Surface type         : dielectric_interface
	Cells                : 65
	Twigs                : 56
	Levels               : 3
	C0 size              : 4.014887051094867
	C0 box center        : -0.002179403272303374, 0.002225070834312166, 0.015218893172043986
	Twig cell size       : 1.0037217627737167
	Rbox/theta           : 2.0074435255474334
	Analytic distance    : 0.4101971021179764
	Elem. per Ang^2      : 46.85429000226612
	Max, min, avg elem.  : 0.04315919623096423, 0.0002129516375504084, 0.021342762849498622
	Total area           : 200.92076946518003
------------------------------

2 regions:

Region 0:
	Laplace or Yukawa: 2
	kappa            : 0.125
	dielectric const : 80.0
	Number of charges: 0
	Parent surface   : []
	Child surfaces   : [0]
Region 1:
	Laplace or Yukawa: 1
	kappa            : 1e-12
	dielectric const : 4.0
	Number of charges: 1
	Parent surface   : [0]
	Child surfaces   : []
------------------------------

Parameters:
	Data type               : <class 'numpy.float64'>
	Use GPU                 : 0
	P                       : 15
	threshold               : 0.50
	theta                   : 0.50
	NCRIT                   : 500
	CUDA block size         : 128
	Gauss points per element: 3
	Gauss points near singlr: 19
	1D Gauss points per side: 9
	GMRES tolerance         : 1e-05
	GMRES max iterations    : 1000
	GMRES restart iteration : 200
----------------------------

Generate interaction list
Transfer data to GPU
Generate RHS
List time          : 0.038867950439453125s
Data transfer time : 1.9073486328125e-06s
RHS generation time: 0.0011038780212402344s
------------------------------
Total setup time   : 2.6701536178588867s
Solve
Iteration: 1, relative residual: 0.2070320401814543
Iteration: 2, relative residual: 0.042342024599158305
Iteration: 3, relative residual: 0.008969520523232044
Iteration: 4, relative residual: 0.0036387020930528733
Iteration: 5, relative residual: 0.0030168610369856992
Iteration: 6, relative residual: 0.00243556645286906
Iteration: 7, relative residual: 0.0010487394901275992
Iteration: 8, relative residual: 0.0006810618916135941
Iteration: 9, relative residual: 0.000508383101732847
Iteration: 10, relative residual: 0.00032814747640370445
Iteration: 11, relative residual: 0.00029210486035104687
Iteration: 12, relative residual: 0.000198500060381627
Iteration: 13, relative residual: 0.00012926839823273247
Iteration: 14, relative residual: 9.276635811324607e-05
Iteration: 15, relative residual: 7.142811000883002e-05
Iteration: 16, relative residual: 5.103635248930861e-05
Iteration: 17, relative residual: 3.379123319777998e-05
Iteration: 18, relative residual: 2.3777162417139233e-05
Iteration: 19, relative residual: 1.7310138572561993e-05
Iteration: 20, relative residual: 1.3538652146623832e-05
GMRES solve
Converged after 21 iterations to a residual of 8.74939076366144e-06
Time weight vector: 0.284501953125
Time sort         : 0.02762646484375001
Time data transfer: 0.0
Time P2M          : 9.593170166015629
Time M2M          : 2.711253173828125
Time M2P          : 107.26625561714172
Time P2P          : 99.74806690216064
	Time analy: 6.022809982299805
Solve time        : 219.70172238349915s

Calculate Solvation Energy (E_solv)
Calculating solvation energy for region 1, stored in E_solv[0]
3849.0 of 9414 analytical integrals for phi_reac calculation in region 1
Time E_solv: 0.4822402000427246s
Region 1: E_solv = -13.2561783843833 kcal/mol = -55.463850360259734 kJ/mol

Calculate Surface Energy (E_surf)
Time E_surf: 0.04715394973754883s

Calculate Coulomb Energy (E_coul)
Calculate Coulomb energy for region 1
Region 1: E_coul = 0.0 kcal/mol = 0.0 kJ/mol
Time E_coul: 0.001316070556640625s

------------------------------
Totals:
E_solv = -13.2561783843833 kcal/mol
E_surf = 0 kcal/mol
E_coul = 0.0 kcal/mol

Time = 223.005530834198 s
