Run started on:
	Date: 2020/4/12
	Time: 16:45:56
	PyGBe version: 0.3.2+5.gea0f875.dirty
Config file: /opt/BEM_ElectricField/PyGBe_Electric_Field/Example_PyGBe_Electric_Field/sphere_with_Efield_pygbe/sphere_with_Efield_pygbe.config
Parameter file: /opt/BEM_ElectricField/PyGBe_Electric_Field/Example_PyGBe_Electric_Field/sphere_with_Efield_pygbe/sphere_with_Efield_pygbe.param
Geometry folder: /opt/BEM_ElectricField/PyGBe_Electric_Field/Example_PyGBe_Electric_Field/sphere_with_Efield_pygbe/geometry
Running in: /opt/BEM_ElectricField/PyGBe_Electric_Field/Example_PyGBe_Electric_Field/sphere_with_Efield_pygbe

Reading surface 0 from file mesh/sphere_r4_gmsh0.175
Time load mesh: 0.32439374923706055
Removed areas=0: 0

Total elements : 9414
Total equations: 18828
Electric field: 1.6 e/(Ang^2 eps_0)
----------------------------

1 surfaces:

Surface 0:
	9414 elements
	Surface type         : dielectric_interface
	Cells                : 65
	Twigs                : 56
	Levels               : 3
	C0 size              : 4.014887051094867
	C0 box center        : -0.002179403272303374, 0.002225070834312166, 0.015218893172043986
	Twig cell size       : 1.0037217627737167
	Rbox/theta           : 2.0074435255474334
	Analytic distance    : 0.4101971021179764
	Elem. per Ang^2      : 46.85429000226612
	Max, min, avg elem.  : 0.04315919623096423, 0.0002129516375504084, 0.021342762849498622
	Total area           : 200.92076946518003
------------------------------

2 regions:

Region 0:
	Laplace or Yukawa: 2
	kappa            : 0.125
	dielectric const : 80.0
	Number of charges: 0
	Parent surface   : []
	Child surfaces   : [0]
Region 1:
	Laplace or Yukawa: 1
	kappa            : 1e-12
	dielectric const : 4.0
	Number of charges: 1
	Parent surface   : [0]
	Child surfaces   : []
------------------------------

Parameters:
	Data type               : <class 'numpy.float64'>
	Use GPU                 : 0
	P                       : 15
	threshold               : 0.50
	theta                   : 0.50
	NCRIT                   : 500
	CUDA block size         : 128
	Gauss points per element: 3
	Gauss points near singlr: 19
	1D Gauss points per side: 9
	GMRES tolerance         : 1e-05
	GMRES max iterations    : 1000
	GMRES restart iteration : 200
----------------------------

Generate interaction list
Transfer data to GPU
Generate RHS
List time          : 0.03864455223083496s
Data transfer time : 2.1457672119140625e-06s
RHS generation time: 6.201530456542969s
------------------------------
Total setup time   : 9.156046628952026s
Solve
Iteration: 1, relative residual: 0.07441348528479741
Iteration: 2, relative residual: 0.07267184035291903
Iteration: 3, relative residual: 0.04648574666620014
Iteration: 4, relative residual: 0.030429903447939794
Iteration: 5, relative residual: 0.022191022472281666
Iteration: 6, relative residual: 0.01372787230682129
Iteration: 7, relative residual: 0.007070230850408053
Iteration: 8, relative residual: 0.004557515839885147
Iteration: 9, relative residual: 0.00306878520634066
Iteration: 10, relative residual: 0.0022038255115540395
Iteration: 11, relative residual: 0.0013247800273697543
Iteration: 12, relative residual: 0.0008555787863993235
Iteration: 13, relative residual: 0.0004462577236130759
Iteration: 14, relative residual: 0.00024226416721519735
Iteration: 15, relative residual: 0.00014308895504396696
Iteration: 16, relative residual: 8.579742407030327e-05
Iteration: 17, relative residual: 5.994597855116361e-05
Iteration: 18, relative residual: 3.4011188166675916e-05
Iteration: 19, relative residual: 2.166980003498022e-05
Iteration: 20, relative residual: 1.6201601426769978e-05
Iteration: 21, relative residual: 1.2551353860989915e-05
GMRES solve
Converged after 22 iterations to a residual of 9.375706835752051e-06
Time weight vector: 0.37664453124999997
Time sort         : 0.042093750000000006
Time data transfer: 0.0
Time P2M          : 11.300642578124998
Time M2M          : 3.3227351074218743
Time M2P          : 127.35449481010437
Time P2P          : 117.9415397644043
	Time analy: 7.136453151702881
Solve time        : 254.2209722995758s

Calculate Solvation Energy (E_solv)
Calculating solvation energy for region 1, stored in E_solv[0]
3849.0 of 9414 analytical integrals for phi_reac calculation in region 1
Time E_solv: 0.46875500679016113s
Region 1: E_solv = -9551.437764222665 kcal/mol = -39963.21560550763 kJ/mol

Calculate Surface Energy (E_surf)
Time E_surf: 0.04070901870727539s

Calculate Coulomb Energy (E_coul)
Calculate Coulomb energy for region 1
Region 1: E_coul = 0.0 kcal/mol = 0.0 kJ/mol
Time E_coul: 0.0015971660614013672s

------------------------------
Totals:
E_solv = -9551.437764222665 kcal/mol
E_surf = 0 kcal/mol
E_coul = 0.0 kcal/mol

Time = 263.9964642524719 s
