Run started on:
	Date: 2020/4/12
	Time: 16:57:8
	PyGBe version: 0.3.2+5.gea0f875.dirty
Config file: /opt/BEM_ElectricField/PyGBe_Electric_Field/Example_PyGBe_Electric_Field/sphere_with_Efield_pygbe/sphere_with_Efield_pygbe.config
Parameter file: /opt/BEM_ElectricField/PyGBe_Electric_Field/Example_PyGBe_Electric_Field/sphere_with_Efield_pygbe/sphere_with_Efield_pygbe.param
Geometry folder: /opt/BEM_ElectricField/PyGBe_Electric_Field/Example_PyGBe_Electric_Field/sphere_with_Efield_pygbe/geometry
Running in: /opt/BEM_ElectricField/PyGBe_Electric_Field/Example_PyGBe_Electric_Field/sphere_with_Efield_pygbe

Reading surface 0 from file mesh/sphere_r4_gmsh0.35
Time load mesh: 0.07735562324523926
Removed areas=0: 0

Total elements : 2348
Total equations: 4696
Electric field: 2.4 e/(Ang^2 eps_0)
----------------------------

1 surfaces:

Surface 0:
	2348 elements
	Surface type         : dielectric_interface
	Cells                : 9
	Twigs                : 8
	Levels               : 2
	C0 size              : 4.0070484699802735
	C0 box center        : -0.004642585775896342, 0.007512153691280108, -0.003487554623850563
	Twig cell size       : 2.0035242349901368
	Rbox/theta           : 4.0070484699802735
	Analytic distance    : 0.8201306785307743
	Elem. per Ang^2      : 11.71071762723143
	Max, min, avg elem.  : 0.16226334735389839, 0.001731959743352102, 0.08539186340507925
	Total area           : 200.50009527512609
------------------------------

2 regions:

Region 0:
	Laplace or Yukawa: 2
	kappa            : 0.125
	dielectric const : 80.0
	Number of charges: 0
	Parent surface   : []
	Child surfaces   : [0]
Region 1:
	Laplace or Yukawa: 1
	kappa            : 1e-12
	dielectric const : 4.0
	Number of charges: 1
	Parent surface   : [0]
	Child surfaces   : []
------------------------------

Parameters:
	Data type               : <class 'numpy.float64'>
	Use GPU                 : 0
	P                       : 15
	threshold               : 0.50
	theta                   : 0.50
	NCRIT                   : 500
	CUDA block size         : 128
	Gauss points per element: 3
	Gauss points near singlr: 19
	1D Gauss points per side: 9
	GMRES tolerance         : 1e-05
	GMRES max iterations    : 1000
	GMRES restart iteration : 200
----------------------------

Generate interaction list
Transfer data to GPU
Generate RHS
List time          : 0.0014870166778564453s
Data transfer time : 1.430511474609375e-06s
RHS generation time: 0.9442770481109619s
------------------------------
Total setup time   : 1.878760576248169s
Solve
Iteration: 1, relative residual: 0.13681941973773543
Iteration: 2, relative residual: 0.07504109638001949
Iteration: 3, relative residual: 0.0476054973155991
Iteration: 4, relative residual: 0.03984150782829317
Iteration: 5, relative residual: 0.02095670105651215
Iteration: 6, relative residual: 0.009035558621744369
Iteration: 7, relative residual: 0.004422371663483057
Iteration: 8, relative residual: 0.0029067577467264518
Iteration: 9, relative residual: 0.0014022984017748323
Iteration: 10, relative residual: 0.0006888865548990641
Iteration: 11, relative residual: 0.0004224803856715262
Iteration: 12, relative residual: 0.0002296302259541341
Iteration: 13, relative residual: 0.0001144496815980699
Iteration: 14, relative residual: 6.866641036632582e-05
Iteration: 15, relative residual: 4.237723161378556e-05
Iteration: 16, relative residual: 3.0692348597325705e-05
Iteration: 17, relative residual: 1.6774887585318627e-05
GMRES solve
Converged after 18 iterations to a residual of 9.68559643817733e-06
Time weight vector: 0.07619189453125001
Time sort         : 0.007179443359375
Time data transfer: 0.0
Time P2M          : 2.1616887207031255
Time M2M          : 0.306900390625
Time M2P          : 0.002294778823852539
Time P2P          : 24.674605131149292
	Time analy: 1.4516630172729492
Solve time        : 26.324232578277588s

Calculate Solvation Energy (E_solv)
Calculating solvation energy for region 1, stored in E_solv[0]
2336.0 of 2348 analytical integrals for phi_reac calculation in region 1
Time E_solv: 0.15091276168823242s
Region 1: E_solv = -14321.53380623552 kcal/mol = -59921.29744528942 kJ/mol

Calculate Surface Energy (E_surf)
Time E_surf: 0.039830923080444336s

Calculate Coulomb Energy (E_coul)
Calculate Coulomb energy for region 1
Region 1: E_coul = 0.0 kcal/mol = 0.0 kJ/mol
Time E_coul: 0.0017011165618896484s

------------------------------
Totals:
E_solv = -14321.53380623552 kcal/mol
E_surf = 0 kcal/mol
E_coul = 0.0 kcal/mol

Time = 28.43123459815979 s
