Run started on:
	Date: 2020/4/12
	Time: 5:2:13
	PyGBe version: 0.3.2+5.gea0f875.dirty
Config file: /opt/BEM_ElectricField/PyGBe_Electric_Field/Example_PyGBe_Electric_Field/sphere_with_Efield_pygbe/sphere_with_Efield_pygbe.config
Parameter file: /opt/BEM_ElectricField/PyGBe_Electric_Field/Example_PyGBe_Electric_Field/sphere_with_Efield_pygbe/sphere_with_Efield_pygbe.param
Geometry folder: /opt/BEM_ElectricField/PyGBe_Electric_Field/Example_PyGBe_Electric_Field/sphere_with_Efield_pygbe/geometry
Running in: /opt/BEM_ElectricField/PyGBe_Electric_Field/Example_PyGBe_Electric_Field/sphere_with_Efield_pygbe

Reading surface 0 from file mesh/sphere_r4_gmsh0.175
Time load mesh: 0.27651262283325195
Removed areas=0: 0

Total elements : 9414
Total equations: 18828
Electric field: 0.8 e/(Ang^2 eps_0)
----------------------------

1 surfaces:

Surface 0:
	9414 elements
	Surface type         : dielectric_interface
	Cells                : 65
	Twigs                : 56
	Levels               : 3
	C0 size              : 4.014887051094867
	C0 box center        : -0.002179403272303374, 0.002225070834312166, 0.015218893172043986
	Twig cell size       : 1.0037217627737167
	Rbox/theta           : 2.0074435255474334
	Analytic distance    : 0.4101971021179764
	Elem. per Ang^2      : 46.85429000226612
	Max, min, avg elem.  : 0.04315919623096423, 0.0002129516375504084, 0.021342762849498622
	Total area           : 200.92076946518003
------------------------------

2 regions:

Region 0:
	Laplace or Yukawa: 2
	kappa            : 0.125
	dielectric const : 80.0
	Number of charges: 0
	Parent surface   : []
	Child surfaces   : [0]
Region 1:
	Laplace or Yukawa: 1
	kappa            : 1e-12
	dielectric const : 4.0
	Number of charges: 1
	Parent surface   : [0]
	Child surfaces   : []
------------------------------

Parameters:
	Data type               : <class 'numpy.float64'>
	Use GPU                 : 0
	P                       : 15
	threshold               : 0.50
	theta                   : 0.50
	NCRIT                   : 500
	CUDA block size         : 128
	Gauss points per element: 3
	Gauss points near singlr: 19
	1D Gauss points per side: 9
	GMRES tolerance         : 1e-05
	GMRES max iterations    : 1000
	GMRES restart iteration : 200
----------------------------

Generate interaction list
Transfer data to GPU
Generate RHS
List time          : 0.03841090202331543s
Data transfer time : 1.5020370483398438e-05s
RHS generation time: 5.933106184005737s
------------------------------
Total setup time   : 8.53490400314331s
Solve
Iteration: 1, relative residual: 0.07474186647913227
Iteration: 2, relative residual: 0.0726971722094161
Iteration: 3, relative residual: 0.04648188066439586
Iteration: 4, relative residual: 0.03043533482674397
Iteration: 5, relative residual: 0.02215151216253481
Iteration: 6, relative residual: 0.013762185909729814
Iteration: 7, relative residual: 0.0070615890176455275
Iteration: 8, relative residual: 0.004560962496237042
Iteration: 9, relative residual: 0.0030691898311865904
Iteration: 10, relative residual: 0.002203087045477464
Iteration: 11, relative residual: 0.0013264705466890956
Iteration: 12, relative residual: 0.0008570195152341397
Iteration: 13, relative residual: 0.00044611604767559284
Iteration: 14, relative residual: 0.00024246425392366098
Iteration: 15, relative residual: 0.00014316775948862578
Iteration: 16, relative residual: 8.613390582778856e-05
Iteration: 17, relative residual: 5.996854868741169e-05
Iteration: 18, relative residual: 3.399352303209672e-05
Iteration: 19, relative residual: 2.1650251410235933e-05
Iteration: 20, relative residual: 1.6198134805306935e-05
Iteration: 21, relative residual: 1.2540624603817278e-05
GMRES solve
Converged after 22 iterations to a residual of 9.375632604674334e-06
Time weight vector: 0.29690185546875003
Time sort         : 0.028824951171874988
Time data transfer: 0.0
Time P2M          : 9.927506347656253
Time M2M          : 2.7780891113281245
Time M2P          : 110.8979001045227
Time P2P          : 104.06245350837708
	Time analy: 6.315808296203613
Solve time        : 222.12768387794495s

Calculate Solvation Energy (E_solv)
Calculating solvation energy for region 1, stored in E_solv[0]
3849.0 of 9414 analytical integrals for phi_reac calculation in region 1
Time E_solv: 0.45258188247680664s
Region 1: E_solv = -4782.346926091216 kcal/mol = -20009.33953876565 kJ/mol

Calculate Surface Energy (E_surf)
Time E_surf: 0.04124116897583008s

Calculate Coulomb Energy (E_coul)
Calculate Coulomb energy for region 1
Region 1: E_coul = 0.0 kcal/mol = 0.0 kJ/mol
Time E_coul: 0.0014910697937011719s

------------------------------
Totals:
E_solv = -4782.346926091216 kcal/mol
E_surf = 0 kcal/mol
E_coul = 0.0 kcal/mol

Time = 231.25549244880676 s
